<?xml version="1.0" encoding="UTF-8"?>
<coverage generated="1707853443185" clover="3.2.0">
  <project timestamp="1707853443185" name="All files">
    <metrics statements="44" coveredstatements="35" conditionals="12" coveredconditionals="11" methods="6" coveredmethods="5" elements="62" coveredelements="51" complexity="0" loc="44" ncloc="44" packages="2" files="2" classes="2"/>
    <package name="service">
      <metrics statements="42" coveredstatements="33" conditionals="12" coveredconditionals="11" methods="6" coveredmethods="5"/>
      <file name="studentsServices.js" path="/home/joao/Documents/tuntsTecnico/tuntsRocksTecnico/src/service/studentsServices.js">
        <metrics statements="42" coveredstatements="33" conditionals="12" coveredconditionals="11" methods="6" coveredmethods="5"/>
        <line num="1" count="1" type="stmt"/>
        <line num="4" count="1" type="stmt"/>
        <line num="5" count="2" type="stmt"/>
        <line num="10" count="2" type="stmt"/>
        <line num="11" count="2" type="stmt"/>
        <line num="12" count="2" type="stmt"/>
        <line num="13" count="2" type="stmt"/>
        <line num="18" count="2" type="stmt"/>
        <line num="24" count="2" type="stmt"/>
        <line num="29" count="1" type="stmt"/>
        <line num="30" count="54" type="stmt"/>
        <line num="32" count="54" type="stmt"/>
        <line num="34" count="54" type="stmt"/>
        <line num="35" count="54" type="stmt"/>
        <line num="37" count="54" type="cond" truecount="2" falsecount="0"/>
        <line num="38" count="17" type="stmt"/>
        <line num="40" count="37" type="cond" truecount="2" falsecount="0"/>
        <line num="41" count="11" type="stmt"/>
        <line num="43" count="26" type="cond" truecount="4" falsecount="0"/>
        <line num="44" count="23" type="stmt"/>
        <line num="46" count="3" type="cond" truecount="1" falsecount="1"/>
        <line num="47" count="3" type="stmt"/>
        <line num="49" count="0" type="stmt"/>
        <line num="53" count="1" type="stmt"/>
        <line num="54" count="2" type="stmt"/>
        <line num="55" count="2" type="stmt"/>
        <line num="57" count="2" type="stmt"/>
        <line num="58" count="50" type="stmt"/>
        <line num="60" count="50" type="stmt"/>
        <line num="72" count="50" type="stmt"/>
        <line num="77" count="2" type="stmt"/>
        <line num="87" count="2" type="stmt"/>
        <line num="89" count="0" type="stmt"/>
        <line num="90" count="0" type="stmt"/>
        <line num="95" count="1" type="stmt"/>
        <line num="96" count="0" type="stmt"/>
        <line num="97" count="0" type="stmt"/>
        <line num="98" count="0" type="stmt"/>
        <line num="100" count="0" type="stmt"/>
        <line num="102" count="0" type="stmt"/>
        <line num="103" count="0" type="stmt"/>
        <line num="107" count="1" type="stmt"/>
      </file>
    </package>
    <package name="tests">
      <metrics statements="2" coveredstatements="2" conditionals="0" coveredconditionals="0" methods="0" coveredmethods="0"/>
      <file name="mockStudents.js" path="/home/joao/Documents/tuntsTecnico/tuntsRocksTecnico/src/tests/mockStudents.js">
        <metrics statements="2" coveredstatements="2" conditionals="0" coveredconditionals="0" methods="0" coveredmethods="0"/>
        <line num="1" count="1" type="stmt"/>
        <line num="14" count="1" type="stmt"/>
      </file>
    </package>
  </project>
</coverage>
