<?xml version="1.0" encoding="UTF-8"?>
<coverage generated="1707852686038" clover="3.2.0">
  <project timestamp="1707852686038" name="All files">
    <metrics statements="44" coveredstatements="39" conditionals="12" coveredconditionals="11" methods="6" coveredmethods="6" elements="62" coveredelements="56" complexity="0" loc="44" ncloc="44" packages="2" files="2" classes="2"/>
    <package name="service">
      <metrics statements="42" coveredstatements="37" conditionals="12" coveredconditionals="11" methods="6" coveredmethods="6"/>
      <file name="studentsServices.js" path="/home/joao/Documents/tuntsTecnico/tuntsRocksTecnico/src/service/studentsServices.js">
        <metrics statements="42" coveredstatements="37" conditionals="12" coveredconditionals="11" methods="6" coveredmethods="6"/>
        <line num="1" count="1" type="stmt"/>
        <line num="4" count="1" type="stmt"/>
        <line num="5" count="4" type="stmt"/>
        <line num="10" count="4" type="stmt"/>
        <line num="11" count="4" type="stmt"/>
        <line num="12" count="4" type="stmt"/>
        <line num="13" count="4" type="stmt"/>
        <line num="18" count="4" type="stmt"/>
        <line num="24" count="4" type="stmt"/>
        <line num="29" count="1" type="stmt"/>
        <line num="30" count="104" type="stmt"/>
        <line num="32" count="104" type="stmt"/>
        <line num="34" count="104" type="stmt"/>
        <line num="35" count="104" type="stmt"/>
        <line num="37" count="104" type="cond" truecount="2" falsecount="0"/>
        <line num="38" count="33" type="stmt"/>
        <line num="40" count="71" type="cond" truecount="2" falsecount="0"/>
        <line num="41" count="21" type="stmt"/>
        <line num="43" count="50" type="cond" truecount="4" falsecount="0"/>
        <line num="44" count="45" type="stmt"/>
        <line num="46" count="5" type="cond" truecount="1" falsecount="1"/>
        <line num="47" count="5" type="stmt"/>
        <line num="49" count="0" type="stmt"/>
        <line num="53" count="1" type="stmt"/>
        <line num="54" count="4" type="stmt"/>
        <line num="55" count="4" type="stmt"/>
        <line num="57" count="4" type="stmt"/>
        <line num="58" count="100" type="stmt"/>
        <line num="60" count="100" type="stmt"/>
        <line num="72" count="100" type="stmt"/>
        <line num="77" count="4" type="stmt"/>
        <line num="87" count="4" type="stmt"/>
        <line num="89" count="0" type="stmt"/>
        <line num="90" count="0" type="stmt"/>
        <line num="95" count="1" type="stmt"/>
        <line num="96" count="2" type="stmt"/>
        <line num="97" count="2" type="stmt"/>
        <line num="98" count="2" type="stmt"/>
        <line num="100" count="2" type="stmt"/>
        <line num="102" count="0" type="stmt"/>
        <line num="103" count="0" type="stmt"/>
        <line num="107" count="1" type="stmt"/>
      </file>
    </package>
    <package name="tests">
      <metrics statements="2" coveredstatements="2" conditionals="0" coveredconditionals="0" methods="0" coveredmethods="0"/>
      <file name="mockStudents.js" path="/home/joao/Documents/tuntsTecnico/tuntsRocksTecnico/src/tests/mockStudents.js">
        <metrics statements="2" coveredstatements="2" conditionals="0" coveredconditionals="0" methods="0" coveredmethods="0"/>
        <line num="1" count="1" type="stmt"/>
        <line num="14" count="1" type="stmt"/>
      </file>
    </package>
  </project>
</coverage>
