{"/home/joao/Documents/tuntsTecnico/tuntsRocksTecnico/src/service/studentsServices.js": {"path":"/home/joao/Documents/tuntsTecnico/tuntsRocksTecnico/src/service/studentsServices.js","statementMap":{"0":{"start":{"line":1,"column":19},"end":{"line":1,"column":40}},"1":{"start":{"line":4,"column":24},"end":{"line":25,"column":1}},"2":{"start":{"line":5,"column":15},"end":{"line":8,"column":4}},"3":{"start":{"line":10,"column":24},"end":{"line":10,"column":70}},"4":{"start":{"line":11,"column":17},"end":{"line":11,"column":39}},"5":{"start":{"line":12,"column":23},"end":{"line":12,"column":69}},"6":{"start":{"line":13,"column":2},"end":{"line":17,"column":5}},"7":{"start":{"line":18,"column":18},"end":{"line":22,"column":4}},"8":{"start":{"line":24,"column":2},"end":{"line":24,"column":64}},"9":{"start":{"line":29,"column":25},"end":{"line":50,"column":1}},"10":{"start":{"line":30,"column":21},"end":{"line":30,"column":74}},"11":{"start":{"line":32,"column":29},"end":{"line":32,"column":38}},"12":{"start":{"line":34,"column":24},"end":{"line":34,"column":40}},"13":{"start":{"line":35,"column":14},"end":{"line":35,"column":57}},"14":{"start":{"line":37,"column":2},"end":{"line":39,"column":3}},"15":{"start":{"line":38,"column":4},"end":{"line":38,"column":56}},"16":{"start":{"line":40,"column":2},"end":{"line":42,"column":3}},"17":{"start":{"line":41,"column":4},"end":{"line":41,"column":45}},"18":{"start":{"line":43,"column":2},"end":{"line":45,"column":3}},"19":{"start":{"line":44,"column":4},"end":{"line":44,"column":50}},"20":{"start":{"line":46,"column":2},"end":{"line":48,"column":3}},"21":{"start":{"line":47,"column":4},"end":{"line":47,"column":55}},"22":{"start":{"line":49,"column":2},"end":{"line":49,"column":29}},"23":{"start":{"line":53,"column":23},"end":{"line":92,"column":1}},"24":{"start":{"line":54,"column":2},"end":{"line":91,"column":3}},"25":{"start":{"line":55,"column":59},"end":{"line":55,"column":82}},"26":{"start":{"line":57,"column":26},"end":{"line":70,"column":6}},"27":{"start":{"line":58,"column":30},"end":{"line":58,"column":98}},"28":{"start":{"line":60,"column":6},"end":{"line":69,"column":8}},"29":{"start":{"line":72,"column":21},"end":{"line":75,"column":6}},"30":{"start":{"line":72,"column":52},"end":{"line":75,"column":5}},"31":{"start":{"line":77,"column":4},"end":{"line":85,"column":7}},"32":{"start":{"line":87,"column":4},"end":{"line":87,"column":25}},"33":{"start":{"line":89,"column":4},"end":{"line":89,"column":69}},"34":{"start":{"line":90,"column":4},"end":{"line":90,"column":16}},"35":{"start":{"line":95,"column":23},"end":{"line":105,"column":1}},"36":{"start":{"line":96,"column":2},"end":{"line":104,"column":3}},"37":{"start":{"line":97,"column":21},"end":{"line":97,"column":43}},"38":{"start":{"line":98,"column":4},"end":{"line":98,"column":26}},"39":{"start":{"line":100,"column":4},"end":{"line":100,"column":43}},"40":{"start":{"line":102,"column":4},"end":{"line":102,"column":57}},"41":{"start":{"line":103,"column":4},"end":{"line":103,"column":71}},"42":{"start":{"line":107,"column":0},"end":{"line":111,"column":2}}},"fnMap":{"0":{"name":"(anonymous_0)","decl":{"start":{"line":4,"column":24},"end":{"line":4,"column":25}},"loc":{"start":{"line":4,"column":36},"end":{"line":25,"column":1}},"line":4},"1":{"name":"(anonymous_1)","decl":{"start":{"line":29,"column":25},"end":{"line":29,"column":26}},"loc":{"start":{"line":29,"column":51},"end":{"line":50,"column":1}},"line":29},"2":{"name":"(anonymous_2)","decl":{"start":{"line":53,"column":23},"end":{"line":53,"column":24}},"loc":{"start":{"line":53,"column":35},"end":{"line":92,"column":1}},"line":53},"3":{"name":"(anonymous_3)","decl":{"start":{"line":57,"column":59},"end":{"line":57,"column":60}},"loc":{"start":{"line":57,"column":73},"end":{"line":70,"column":5}},"line":57},"4":{"name":"(anonymous_4)","decl":{"start":{"line":72,"column":39},"end":{"line":72,"column":40}},"loc":{"start":{"line":72,"column":52},"end":{"line":75,"column":5}},"line":72},"5":{"name":"(anonymous_5)","decl":{"start":{"line":95,"column":23},"end":{"line":95,"column":24}},"loc":{"start":{"line":95,"column":35},"end":{"line":105,"column":1}},"line":95}},"branchMap":{"0":{"loc":{"start":{"line":37,"column":2},"end":{"line":39,"column":3}},"type":"if","locations":[{"start":{"line":37,"column":2},"end":{"line":39,"column":3}},{"start":{},"end":{}}],"line":37},"1":{"loc":{"start":{"line":40,"column":2},"end":{"line":42,"column":3}},"type":"if","locations":[{"start":{"line":40,"column":2},"end":{"line":42,"column":3}},{"start":{},"end":{}}],"line":40},"2":{"loc":{"start":{"line":43,"column":2},"end":{"line":45,"column":3}},"type":"if","locations":[{"start":{"line":43,"column":2},"end":{"line":45,"column":3}},{"start":{},"end":{}}],"line":43},"3":{"loc":{"start":{"line":43,"column":6},"end":{"line":43,"column":41}},"type":"binary-expr","locations":[{"start":{"line":43,"column":6},"end":{"line":43,"column":22}},{"start":{"line":43,"column":26},"end":{"line":43,"column":41}}],"line":43},"4":{"loc":{"start":{"line":46,"column":2},"end":{"line":48,"column":3}},"type":"if","locations":[{"start":{"line":46,"column":2},"end":{"line":48,"column":3}},{"start":{},"end":{}}],"line":46},"5":{"loc":{"start":{"line":68,"column":28},"end":{"line":68,"column":97}},"type":"cond-expr","locations":[{"start":{"line":68,"column":72},"end":{"line":68,"column":93}},{"start":{"line":68,"column":96},"end":{"line":68,"column":97}}],"line":68}},"s":{"0":1,"1":1,"2":2,"3":2,"4":2,"5":2,"6":2,"7":2,"8":2,"9":1,"10":54,"11":54,"12":54,"13":54,"14":54,"15":17,"16":37,"17":11,"18":26,"19":23,"20":3,"21":3,"22":0,"23":1,"24":2,"25":2,"26":2,"27":50,"28":50,"29":2,"30":50,"31":2,"32":2,"33":0,"34":0,"35":1,"36":0,"37":0,"38":0,"39":0,"40":0,"41":0,"42":1},"f":{"0":2,"1":54,"2":2,"3":50,"4":50,"5":0},"b":{"0":[17,37],"1":[11,26],"2":[23,3],"3":[26,23],"4":[3,0],"5":[22,28]},"_coverageSchema":"1a1c01bbd47fc00a2c39e90264f33305004495a9","hash":"a8b954d29532fbc91f5b5daf4fb0e9ca879e82d2"}
,"/home/joao/Documents/tuntsTecnico/tuntsRocksTecnico/src/tests/mockStudents.js": {"path":"/home/joao/Documents/tuntsTecnico/tuntsRocksTecnico/src/tests/mockStudents.js","statementMap":{"0":{"start":{"line":1,"column":23},"end":{"line":12,"column":1}},"1":{"start":{"line":14,"column":0},"end":{"line":14,"column":36}}},"fnMap":{},"branchMap":{},"s":{"0":1,"1":1},"f":{},"b":{},"_coverageSchema":"1a1c01bbd47fc00a2c39e90264f33305004495a9","hash":"ed3e416d69654639a7e207b39976a8a11e516270"}
}
