TN:
SF:src/service/studentsServices.js
FN:4,(anonymous_0)
FN:29,(anonymous_1)
FN:53,(anonymous_2)
FN:57,(anonymous_3)
FN:72,(anonymous_4)
FN:95,(anonymous_5)
FNF:6
FNH:5
FNDA:2,(anonymous_0)
FNDA:54,(anonymous_1)
FNDA:2,(anonymous_2)
FNDA:50,(anonymous_3)
FNDA:50,(anonymous_4)
FNDA:0,(anonymous_5)
DA:1,1
DA:4,1
DA:5,2
DA:10,2
DA:11,2
DA:12,2
DA:13,2
DA:18,2
DA:24,2
DA:29,1
DA:30,54
DA:32,54
DA:34,54
DA:35,54
DA:37,54
DA:38,17
DA:40,37
DA:41,11
DA:43,26
DA:44,23
DA:46,3
DA:47,3
DA:49,0
DA:53,1
DA:54,2
DA:55,2
DA:57,2
DA:58,50
DA:60,50
DA:72,50
DA:77,2
DA:87,2
DA:89,0
DA:90,0
DA:95,1
DA:96,0
DA:97,0
DA:98,0
DA:100,0
DA:102,0
DA:103,0
DA:107,1
LF:42
LH:33
BRDA:37,0,0,17
BRDA:37,0,1,37
BRDA:40,1,0,11
BRDA:40,1,1,26
BRDA:43,2,0,23
BRDA:43,2,1,3
BRDA:43,3,0,26
BRDA:43,3,1,23
BRDA:46,4,0,3
BRDA:46,4,1,0
BRDA:68,5,0,22
BRDA:68,5,1,28
BRF:12
BRH:11
end_of_record
TN:
SF:src/tests/mockStudents.js
FNF:0
FNH:0
DA:1,1
DA:14,1
LF:2
LH:2
BRF:0
BRH:0
end_of_record
