TN:
SF:src/service/studentsServices.js
FN:4,(anonymous_0)
FN:29,(anonymous_1)
FN:53,(anonymous_2)
FN:57,(anonymous_3)
FN:72,(anonymous_4)
FN:95,(anonymous_5)
FNF:6
FNH:6
FNDA:4,(anonymous_0)
FNDA:104,(anonymous_1)
FNDA:4,(anonymous_2)
FNDA:100,(anonymous_3)
FNDA:100,(anonymous_4)
FNDA:2,(anonymous_5)
DA:1,1
DA:4,1
DA:5,4
DA:10,4
DA:11,4
DA:12,4
DA:13,4
DA:18,4
DA:24,4
DA:29,1
DA:30,104
DA:32,104
DA:34,104
DA:35,104
DA:37,104
DA:38,33
DA:40,71
DA:41,21
DA:43,50
DA:44,45
DA:46,5
DA:47,5
DA:49,0
DA:53,1
DA:54,4
DA:55,4
DA:57,4
DA:58,100
DA:60,100
DA:72,100
DA:77,4
DA:87,4
DA:89,0
DA:90,0
DA:95,1
DA:96,2
DA:97,2
DA:98,2
DA:100,2
DA:102,0
DA:103,0
DA:107,1
LF:42
LH:37
BRDA:37,0,0,33
BRDA:37,0,1,71
BRDA:40,1,0,21
BRDA:40,1,1,50
BRDA:43,2,0,45
BRDA:43,2,1,5
BRDA:43,3,0,50
BRDA:43,3,1,45
BRDA:46,4,0,5
BRDA:46,4,1,0
BRDA:68,5,0,44
BRDA:68,5,1,56
BRF:12
BRH:11
end_of_record
TN:
SF:src/tests/mockStudents.js
FNF:0
FNH:0
DA:1,1
DA:14,1
LF:2
LH:2
BRF:0
BRH:0
end_of_record
